1566747626396	mozrunner::runner	INFO	Running command: "C:\\Program Files\\Mozilla Firefox\\firefox.exe" "-marionette" "-foreground" "-no-remote" "-profile" "C:\\TMP\\rust_mozprofile.CleSpudhyXWG"
1566747628508	mozrunner::runner	INFO	Running command: "C:\\Program Files\\Mozilla Firefox\\firefox.exe" "-marionette" "-foreground" "-no-remote" "-profile" "C:\\TMP\\rust_mozprofile.nC7zymqn8Bty"
1566747630407	addons.webextension.screenshots@mozilla.org	WARN	Loading extension 'screenshots@mozilla.org': Reading manifest: Invalid extension permission: mozillaAddons
1566747630407	addons.webextension.screenshots@mozilla.org	WARN	Loading extension 'screenshots@mozilla.org': Reading manifest: Invalid extension permission: telemetry
1566747630408	addons.webextension.screenshots@mozilla.org	WARN	Loading extension 'screenshots@mozilla.org': Reading manifest: Invalid extension permissconsole.error: "Could not write session state file " (new Error("_initWorker called too early! Please read the session file from disk first.", "resource:///modules/sessionstore/SessionFile.jsm", 334)) "_initWorker/<@resource:///modules/sessionstore/SessionFile.jsm:334:15\n_initWorker@resource://1566747641239	Marionette	INFO	Listening on port 11503
1566747641548	Marionette	WARN	TLS certificate errors will be ignored for this session
console.error: BroadcastService: 
  receivedBroadcastMessage: handler for
  remote-settings/monitor_changes
  threw error:
  Message: Error: Polling for changes failed: http://%(server)s/dummy/blocklist//buckets/monitor/collections/changes/records?_expected=%221561548844810%22 is not a valid URL..
  Stack:
    remoteSettingsFunction/remoteSettings.pollChanges@resource://services-settings/remote-settings.js:201:13

JavaScript error: https://search.jd.com/script/search_new.init.js?2019062419.js, line 505: TypeError: res is null
1566747701032	Marionette	WARN	TimedPromise timed out after 500 ms: stacktrace:
bail@chrome://marionette/content/sync.js:223:64
1566747706719	Marionette	INFO	Stopped listening on port 11503
[Parent 19544, Gecko_IOThread] WARNING: pipe error: 109: file z:/task_1565706750/build/src/ipc/chromium/src/chrome/common/ipc_channel_win.cc, line 341
[Child 12948, Chrome_ChildThread] WARNING: pipe error: 109: file z:/task_1565706750/build/src/ipc/chromium/src/chrome/common/ipc_channel_win.cc, line 341
[Child 12948, Chrome_JavaScript error: https://misc.360buyimg.com/??jdf/lib/jquery-1.6.4.js,jdf/1.0.0/unit/base/1.0.0/base.js,jdf/1.0.0/unit/trimPath/1.0.0/trimPath.js,jdf/1.0.0/ui/ui/1.0.0/ui.js,jdf/1.0.0/ui/dialog/1.1566747709691	Marionette	INFO	Stopped listening on port 11520
[Parent 15872, Gecko_IOThread] WARNING: pipe error: 109: file z:/task_1565706750/build/src/ipc/chromium/src/chrome/common/ipc_channel_win.cc, line [Parent 19544, Gecko_IOThread] WARNING: pipe error: 109: file z:/task_1565706750/build/src/ipc/chromium/src/chrome/common/ipc_channel_win.cc, line 341
[Child 8788, Chrome_ChildThread] WARNING: pipe error: 109: file z:/task_1565706750/build/src/ipc/chromium/src/chrome/common/ipc_channel_win.cc, line 341
[Child 8788, C
###!!! [Child][RunMessage] Error: Channel closing: too late to send/recv, messages will be lost

[
###!!! [Child][MessageChannel::SendAndWait] Error: Channel error: cannot send/recv

.0/dialog.js, line 6: TypeError: Y[d[f]] is undefined
JavaScript error: https://misc.360buyimg.com/??jdf/lib/jquery-1.6.4.js,jdf/1.0.0/unit/base/1.0.0/base.js,jdf/1.0.0/unit/trimPath/1.0.0/trimPath.js,jdf/1.0.0/ui/ui/1.0.0/ui.js,jdf/1.0.0/ui/dialog/1.0.0/dialog.js, line 6: TypeError: Y[d[f]] is undefined

###!!! [Child][RunMessage] Error: Channel closing: too late to send/recv, m[Child 19560, Chrome_ChildThread] WARNING: pipe error: 109: file z:/task_1565706750/build/src/ipc/chromium/src/chrome/common/ipc_channel_win.cc, line 341
[Child 19560JavaScript error: https://misc.360buyimg.com/??jdf/lib/jquery-1.6.4.js,jdf/1.0.0/unit/base/1.0.0/base.js,jdf/1.0.0/unit/trimPath/1.0.0/trimPath.js,jdf/1.0.0/ui/ui/1.0.0/ui.js,j[Parent 15872, Gecko_IOThread] WARNING: pipe error: 109: file z:/task_1565706750/build/src/ipc/chromium/src/chrome/common/ipc_channel_win.cc, line 341
[Child 9732, Chrome_ChildThread] WARNING: pipe error: 109: file z:/task_1565706750/build/src/ipc/chromium/src/ch[Parent 5960, Gecko_IOThread] WARNING: pipe error: 109: file z:/task_1565706750/build/src/ipc/chromium/src/chrome/common/ipc_channel_win.cc, line 341

###!!! [Child][RunMessage] Error: Channel closing: too late to send/recv, messages will be lost

[
###!!! [Child][MessageChannel::SendAndWait] Error: Channel error: cannot send/recv

c/ipc/chromium/src/chrome/common/ipc_channel_win.cc, line 341
[Child 13808, Chrome_Chil
###!!! [Child][RunMessage] Error: Channel closing: too late to send/recv, messages will be lost

[GPU 11566829909517	mozrunner::runner	INFO	Running command: "C:\\Program Files\\Mozilla Firefox\\firefox.exe" "-marionette" "-foreground" "-no-remote" "-profile" "C:\\TMP\\rust_mozprofile.psbJ2DNikEFw"
1566829921235	addons.webextension.screenshots@mozilla.org	WARN	Loading extension 'screenshots@mozilla.org': Reading manifest: Invalid extension permission: mozillaAddons
1566829921235	addons.webe1566829921236	addons.webextension.screenshots@mozilla.org	WARN	Loading extension 'screenshots@mozilla.org': Reading manifest: Invalid extension permission: mozillaAddons
1566829921236	addons.webextension.screenshots@mozilla.org	WARN	Loading extension 'screenshots@mozilla.org': Reading manifest: Invalid extension permission: telemetry
1566829921237	addons.webextension.screenshots@mozilla.org	WARN	Loading extension 'screenshots@mozilla.org': Reading manifest: Invalid extension permiss[Parent 9184, Gecko_IOThread] WARNING: pipe error: 109: file z:/task_1565706750/build/src/ipc/chromium/src/chrome/common/ipc_channel_win.cc, line 341
[Child 9248, Chrome_ChildThread] WARNING: pip[Parent 18032, Gecko_IOThread] WARNING: pipe error: 109: file z:/task_1565706750/build/src/ipc/chromium/src/chrome/common/ipc_channel_win.ccconsole.error: "Could not write session state file " (new Error("_initWorker called too early! Please read the session file from disk first.", "resource:///modules/sessionstore/SessionFile.jsm", 334)) "_in1566829932983	Marionette	INFO	Listening on port 14872
1566829933411	Marionette	WARN	TLS certificate errors will be ignored for this session
console.error: BroadcastService: 
  receivedBroadcastMessage: handler for
  remote-settings/monitor_changes
  threw error:
  Message: Error: Polling for changes failed: http://%(server)s/dummy/blocklist//buckets/monitor/collections/changes/records?_expected=%221561548844810%22 is not a valid URL..
  Stack:
    remoteSettingsFunction/remoteSettings.pollChanges@resource://services-settings/remote-settings.js:201:13

JavaScript error: https://search.jd.com/script/search_new.init.js?2019062419.js, line 505: TypeError: res is null
1566829977499	Marionette	INFO	Stopped listening on port 14872
[Parent 18032, Gecko_IOThread] WARNING: pipe error: 109: file z:/task_1565706750/build/src/ipc/chromium/src/chrome/common/ipc_channel_win.cc, line 341
[Child 8544, Chrome_ChildThread] WARNING: pipe error: 109: file z:/task_1565706750/build/src/ipc/chromium/src/chrome/common/ipc_channel_win.cc, line 341
[Child 8544, Chrome_ChildThread] WARNING: pipe error: 109: file z:/task_1565706750/build/src/ipc/chromium/src/chrome/common/ipc_channel_win.cc, li[Parent 18032, Gecko_IOThread] WARNING: pipe error: 109: file z:/task_1565706750/build/src/ipc/chromium/src/chrome/common/ipc_channel_win.cc, line 341
JavaScript error: https://misc.360buyimg.com/??jdf/lib/jquery-1.6.4.js,jdf/1.0.0/unit/base/1.0.0/base.js,jdf/1.0.0/unit/trimPath/1.0.0/trimPath.js,jdf/1.0.0/ui/ui/1.0.0/ui.js,jdf/1.0.0/ui/dialog/1.0.0/dialog.js, line 6: TypeError: Y[d[f]] is undefined
[Parent 18032, Gecko_IOThread] WARNING: pipe error: 109: file z:/task_1565706750/build/src/ipc/chromium/src/chrome/common/ipc_channel_win.cc, line 341
[Child 12204, Chrome_ChildThread] WARNING: pipe error: 109: file z:/task_1565706750/build/src/ipc/chromium/src/chr
###!!! [Child][MessageChannel] Error: (msgtype=0x53000E,name=PHttpChannel::Msg_DeletingChannel) Channel closing: too late to send/recv, messages will be lost

ome/common/ipc_channel_win.cc, line 341
[Child 12204, Chrome_ChildThreJavaScript warning: https://nfa.jd.com/loadFa_toJson.js?aid=2_163_818-2_232_3431-0_0_3743-2_163_6092-2_163_817-2_163_5395-2_1[Parent 18032, Gecko_IOThread] WARNING: pipe error: 109: file z:/task_1565706750/build/src/ipc/chromium/src/chrome/common/ipc_channel_win.cc, line 341
[Child 15444, Chrome_ChildThread] WARNI
###!!! [Child][RunMessage] Error: Channel closing: too late to send/recv, messages will be lost


###!!! [Child][MessageChannel::SendAndWait] Error: Channel error: cannot send/recv

ror: Channel closing: too late to send/recv, messages will be lost

[GPU 
###!!! [Child][MessageChannel::SendAndWait] Error: Channel error: cannot send/recv

/chrome/common/ipc_channel_win.cc, line 341
[Child 13492, Chrome_Ch[Parent 15892, Gecko_IOThread] WARNING: pipe error: 109: file z:/task_1565706750/build/src/ipc/chromium/src/chrome/common/ipc_channel_win.cc, line 341
[Child 3040, Chrome_ChildThread] WARNING: pipe error: 109: file z:/task_1565706750/build/src/ipc/chromium/src/chrome/common/ipc_channel_win.cc, line 341
[Child 3040, 
###!!! [Child][RunMessage] Error: Channel closing: too late to send/recv, messages will be lost

[
###!!! [Child][MessageChannel::SendAndWait] Error: Channel error: cannot send/recv

1567010471410	mozrunner::runner	INFO	Running command: "C:\\Program Files\\Mozilla Firefox\\firefox.exe" "-marionette" "-foreground" "-no-remote" "-profile" "C:\\TMP\\rust_mozprofile.DPh0rix9tCGp"
1567010475418	addons.webextension.screenshots@mozilla.org	WARN	Loading extension 'screenshots@mozilla.org': Reading manifest: Invalid extension permission: mozillaAddons
1567010475418	addons.webextension.screenshots@mozilla.org	WARN	Loading extension 'screenshots@mozilla.org': Reading manifest: Invalid extension permission: telemetry
1567010475418	addons.webextension.screenshots@mozilla.org	WARN	Loading extension 'screenshots@mozilla.org': Reading manifest: Invalid extension permission: resource://pdf.js/
1567010475418	addons.webextension.screenshots@mozilla.org	WARN	Loading extension 'screenshots@mozilla.org': Reading manifest: Invalid extension permission: about:reader*
1567010482284	Marionette	INFO	Listening on port 6341
1567010482730	Marionette	WARN	TLS certificate errors will be ignored for this session
JavaScript error: https://d.jd.com/lab/get?callback=lab, line 1: SyntaxError: unexpected token: identifier
JavaScript error: https://search.jd.com/script/search_new.init.js?2019062419.js, line 505: TypeError: res is null
JavaScript error: https://d.jd.com/lab/get?callback=lab, line 1: SyntaxError: unexpected token: identifier
1567010523341	Marionette	WARN	TimedPromise timed out after 500 ms: stacktrace:
bail@chrome://marionette/content/sync.js:223:64
1567010528637	Marionette	INFO	Stopped listening on port 6341
[Parent 4864, Gecko_IOThread] WARNING: pipe error: 109: file z:/task_1565706750/build/src/ipc/chromium/src/chrome/common/ipc_channel_win.cc, line 341
[Child 11944, Chrome_ChildThread] WARNING: pipe error: 109: file z:/task_1565706750/build/src/ipc/chromium/src/chrome/common/ipc_channel_win.cc, line 341
[Child 11944,[Parent 4864, Gecko_IOThread] WARNING: pipe error: 109: file z:/task_1565706750/build/src/ipc/chromium/src/chrome/common/ipc_channel_win.cc, line 341
[Child 1448, Chrome_ChildThread] WARNING: pipe error: 109: file z:/task_1565706750/build/src/ipc/chromium/src/chrome/common/ipc_channel_win.cc, line 341
[Child 1448, Chrome_ChildThread] WARNING: pipe error: 109: file z:/task_1565706750/bui[Parent 4864, Gecko_IOThread] WARNING: pipe error: 109: file z:/task_1565706750/build/src/ipc/chromium/src/chrome/common/ipc_channel_win.cc, line 341
[Child 5628, Chrome_ChildThread] WARNING: pipe error: 109: file z:/task_1565706750/build/src/ipc/chromium/src/chrome/common/ipc_channel_win.cc, line 341
[Child 5628, Ch[
###!!! [Child][MessageChannel::SendAndWait] Error: Channel error: cannot send/recv

1567010545295	mozrunner::runner	INFO	Running command: "C:\\Program Files\\Mozilla Firefox\\firefox.exe" "-marionette" "-foreground" "-no-remote" "-profile" "C:\\TMP\\rust_mozprofile.ut3GQoKKboLx"
1567010546619	addons.webextension.screenshots@mozilla.org	WARN	Loading extension 'screenshots@mozilla.org': Reading manifest: Invalid extension permission: mozillaAddons
1567010546620	addons.webextension.screenshots@mozilla.org	WARN	Loading extension 'screenshots@mozilla.org': Reading manifest: Invalid extension permission: telemetry
1567010546620	addons.webextension.screenshots@mozilla.org	WARN	Loading extension 'screenshots@mozilla.org': Reading manifest: Invalid extension permission: resource://pdf.js/
1567010546620	addons.webextension.screenshots@mozilla.org	WARN	Loading extension 'screenshots@mozilla.org': Reading manifest: Invalid extension permission: about:reader*
1567010549956	Marionette	INFO	Listening on port 6501
1567010550046	Marionette	WARN	TLS certificate errors will be ignored for this session
JavaScript error: https://d.jd.com/lab/get?callback=lab, line 1: SyntaxError: unexpected token: identifier
JavaScript error: https://search.jd.com/script/search_new.init.js?2019062419.js, line 505: TypeError: res is null
JavaScript error: https://d.jd.com/lab/get?callback=lab, line 1: SyntaxError: unexpected token: identifier
JavaScript warning: https://nfa.jd.com/loadFa_toJson.js?aid=2_163_818-2_232_3431-0_0_3743-2_163_6092-2_163_817-2_163_5395-2_163_5394-0_0_8270&ver=20131107, line 185: unreachable code after return statement
JavaScript warning: https://nfa.jd.com/loadFa_toJson.js?aid=2_163_818-2_232_3431-0_0_3743-2_163_6092-2_163_817-2_163_5395-2_163_5394-0_0_8270&ver=20131107, line 185: unreachable code after return statement
1567010566247	Marionette	INFO	Stopped listening on port 6501
[Parent 4112, Gecko_IOThread] WARNING: pipe error: 109: file z:/task_1565706750/build/src/ipc/chromium/src/chrome/common/ipc_channel_win.cc, line 341
[Child 6020, Chrome_ChildThread] WARNING: pipe error: 109: file z:/task_1565706750/build/src/ipc/chromium/src/chrome/common/ipc_channel_win.cc, line 341
[Child 6020, Chrome_ChildThread] WARNING: pipe error: 109: fil[Parent 4112, Gecko_IOThread] WARNING: pipe error: 109: file z:/task_1565706750/build/src/ipc/chromium/src/chrome/common/ipc_channel_win.cc, line 341
[Parent 4112, Gecko_IOThread] WARNING: pipe error: 109: file z:/task_1565706750/build/src/ipc/chromium/src/chrome/common/ipc_channel_win.cc, line 341
[Child 11300, Chrome_ChildThread] WARNING: pipe error: 109: file z:/task_1565706750/build/src/ipc/chromium/src/chrome/common/ipc_channel_win.cc, line 341
[Child 11300, Chrome_ChildTh[GPU 58
###!!! [Child][RunMessage] Error: Channel closing: too late to send/recv, messages will be lost

00
###!!! [Child][MessageChannel::SendAndWait] Error: Channel error: cannot send/recv

1567010581626	mozrunner::runner	INFO	Running command: "C:\\Program Files\\Mozilla Firefox\\firefox.exe" "-marionette" "-foreground" "-no-remote" "-profile" "C:\\TMP\\rust_mozprofile.472JczCocgdy"
1567010583307	addons.webextension.screenshots@mozilla.org	WARN	Loading extension 'screenshots@mozilla.org': Reading manifest: Invalid extension permission: mozillaAddons
1567010583308	addons.webextension.screenshots@mozilla.org	WARN	Loading extension 'screenshots@mozilla.org': Reading manifest: Invalid extension permission: telemetry
1567010583308	addons.webextension.screenshots@mozilla.org	WARN	Loading extension 'screenshots@mozilla.org': Reading manifest: Invalid extension permission: resource://pdf.js/
1567010583308	addons.webextension.screenshots@mozilla.org	WARN	Loading extension 'screenshots@mozilla.org': Reading manifest: Invalid extension permission: about:reader*
1567010586999	Marionette	INFO	Listening on port 6685
1567010587394	Marionette	WARN	TLS certificate errors will be ignored for this session
JavaScript error: https://d.jd.com/lab/get?callback=lab, line 1: SyntaxError: unexpected token: identifier
JavaScript error: https://search.jd.com/script/search_new.init.js?2019062419.js, line 505: TypeError: res is null
JavaScript error: https://d.jd.com/lab/get?callback=lab, line 1: SyntaxError: unexpected token: identifier
JavaScript warning: https://nfa.jd.com/loadFa_toJson.js?aid=2_163_818-2_232_3431-0_0_3743-2_163_6092-2_163_817-2_163_5395-2_163_5394-0_0_8271&ver=20131107, line 185: unreachable code after return statement
JavaScript error: https://static.360buyimg.com/item/unite/1.0.81/components/public/??modules/detail/nav.js,modules/detail/bookReadMore.js,modules/detail/qualitylife.js,modules/common/core.js,modules/common/tools/tools.js,modules/ETab/ETab.js,modules/EDropdown/EDropdown.js,modules/ELazyload/ELazyload.js,modules/videoBox/videoBox.js,plugins/jQuery.scroller.js, line 9: TypeError: l is null
JavaScript warning: https://nfa.jd.com/loadFa_toJson.js?aid=2_163_818-2_232_3431-0_0_3743-2_163_6092-2_163_817-2_163_5395-2_163_5394-0_0_8271&ver=20131107, line 185: unreachable code after return statement
1567010604904	Marionette	INFO	Stopped listening on port 6685
[Parent 2204, Gecko_IOThread] WARNING: pipe error: 109: file z:/task_1565706750/build/src/ipc/chromium/src/chrome/common/ipc_channel_win.cc, line 341
[Child 13052, Chrome_ChildThread] WARNING: pipe error: 232: file z:/task_1565706750/build/src/ipc/chromium/src/chrome/common/ipc_channel_win.cc, line 502
[Child 13052, Chrome_ChildThread] WARNING: pipe error: 109: file z:/task_1565706750/build/src/ipc/chromium/src/chrome/common/ipc_channel_win.cc, line 341
[Child 13052, Chrome_C
###!!! [Child][RunMessage] Error: Channel closing: too late to send/recv, messages will be lost

[GPU 11472, Chrom
###!!! [Child][MessageChannel::SendAndWait] Error: Channel error: cannot send/recv

1567010620537	mozrunner::runner	INFO	Running command: "C:\\Program Files\\Mozilla Firefox\\firefox.exe" "-marionette" "-foreground" "-no-remote" "-profile" "C:\\TMP\\rust_mozprofile.1pgNixaVw5tg"
1567010622215	addons.webextension.screenshots@mozilla.org	WARN	Loading extension 'screenshots@mozilla.org': Reading manifest: Invalid extension permission: mozillaAddons
1567010622215	addons.webextension.screenshots@mozilla.org	WARN	Loading extension 'screenshots@mozilla.org': Reading manifest: Invalid extension permission: telemetry
1567010622215	addons.webextension.screenshots@mozilla.org	WARN	Loading extension 'screenshots@mozilla.org': Reading manifest: Invalid extension permission: resource://pdf.js/
1567010622215	addons.webextension.screenshots@mozilla.org	WARN	Loading extension 'screenshots@mozilla.org': Reading manifest: Invalid extension permission: about:reader*
1567010626439	Marionette	INFO	Listening on port 6890
1567010626797	Marionette	WARN	TLS certificate errors will be ignored for this session
JavaScript error: https://d.jd.com/lab/get?callback=lab, line 1: SyntaxError: unexpected token: identifier
JavaScript error: https://search.jd.com/script/search_new.init.js?2019062419.js, line 505: TypeError: res is null
JavaScript error: https://d.jd.com/lab/get?callback=lab, line 1: SyntaxError: unexpected token: identifier
JavaScript warning: https://nfa.jd.com/loadFa_toJson.js?aid=2_163_818-2_232_3431-0_0_3743-2_163_6092-2_163_817-2_163_5395-2_163_5394-0_0_8277&ver=20131107, line 185: unreachable code after return statement
JavaScript warning: https://nfa.jd.com/loadFa_toJson.js?aid=2_163_818-2_232_3431-0_0_3743-2_163_6092-2_163_817-2_163_5395-2_163_5394-0_0_8277&ver=20131107, line 185: unreachable code after return statement
1567010641451	Marionette	INFO	Stopped listening on port 6890

###!!! [Child][MessageChannel] Error: (msgtype=0x53000E,name=PHttpChannel::Msg_DeletingChannel) Channel closing: too late to send/recv, messages will be lost

[Parent 8008, Gecko_IOThread] WARNING: pipe error: 109: file z:/task_1565706750/build/src/ipc/chromium/src/chrome/common/ipc_channel_win.cc, line 341
[Child 11900, Chrome_ChildThread] WARNING: pipe error: 109: file z:/task_1565706750/build/src/ipc/chromium/src/chrome/common/ipc_channel_win.cc, line 341
[Child 11900, Chrome_ChildThread] WARNING: pipe error: 109: file z:/task_1565706750/build/src/ipc/chromium/src/chrome/common/ipc_channel_
###!!! [Child][RunMessage] Error: Channel closing: too late to send/recv, messages will be lost

[GPU 8632, Chrome_ChildThread] WARNING: pipe error: 109: file z:/task_1565706750/bui
###!!! [Child][MessageChannel::SendAndWait] Error: Channel error: cannot send/recv

1567011204739	mozrunner::runner	INFO	Running command: "C:\\Program Files\\Mozilla Firefox\\firefox.exe" "-marionette" "-foreground" "-no-remote" "-profile" "C:\\TMP\\rust_mozprofile.h60acyECftRW"
1567011206061	addons.webextension.screenshots@mozilla.org	WARN	Loading extension 'screenshots@mozilla.org': Reading manifest: Invalid extension permission: mozillaAddons
1567011206061	addons.webextension.screenshots@mozilla.org	WARN	Loading extension 'screenshots@mozilla.org': Reading manifest: Invalid extension permission: telemetry
1567011206061	addons.webextension.screenshots@mozilla.org	WARN	Loading extension 'screenshots@mozilla.org': Reading manifest: Invalid extension permission: resource://pdf.js/
1567011206061	addons.webextension.screenshots@mozilla.org	WARN	Loading extension 'screenshots@mozilla.org': Reading manifest: Invalid extension permission: about:reader*
1567011209597	Marionette	INFO	Listening on port 7975
1567011209998	Marionette	WARN	TLS certificate errors will be ignored for this session
JavaScript error: https://d.jd.com/lab/get?callback=lab, line 1: SyntaxError: unexpected token: identifier
JavaScript error: https://search.jd.com/script/search_new.init.js?2019062419.js, line 505: TypeError: res is null
JavaScript error: https://d.jd.com/lab/get?callback=lab, line 1: SyntaxError: unexpected token: identifier
JavaScript warning: https://nfa.jd.com/loadFa_toJson.js?aid=2_163_818-2_232_3431-0_0_3743-2_163_6092-2_163_817-2_163_5395-2_163_5394-2_601_3951-0_0_8282&ver=20131107, line 185: unreachable code after return statement
JavaScript warning: https://nfa.jd.com/loadFa_toJson.js?aid=2_163_818-2_232_3431-0_0_3743-2_163_6092-2_163_817-2_163_5395-2_163_5394-2_601_3951-0_0_8282&ver=20131107, line 185: unreachable code after return statement
1567011224527	Marionette	INFO	Stopped listening on port 7975
[Parent 11016, Gecko_IOThread] WARNING: pipe error: 109: file z:/task_1565706750/build/src/ipc/chromium/src/chrome/common/ipc_channel_win.cc, line 341
[Child 7604, Chrome_ChildThread] WARNING: pipe error: 109: file z:/task_1565706750/build/src/ipc/chromium/src/chrome/common/ipc_channel_win.cc, line 341
[Child 7604, [Parent 11016, Gecko_IOThread] WARNING: pipe error: 109: file z:/task_1565706750/build/src/ipc/chromium/src/chrome/common/ipc_channel_win.cc, line 341
[Child 13308, Chrome_ChildThread] WARNING: pipe error: 109: file z:/task_1565706750/build/src/ipc/chromium/src/chrome/common/ipc_channel_win.cc, line 341
[Child 13308,[GPU 1560, 
###!!! [Child][RunMessage] Error: Channel closing: too late to send/recv, messages will be lost

C
###!!! [Child][MessageChannel::SendAndWait] Error: Channel error: cannot send/recv

1567011234088	mozrunner::runner	INFO	Running command: "C:\\Program Files\\Mozilla Firefox\\firefox.exe" "-marionette" "-foreground" "-no-remote" "-profile" "C:\\TMP\\rust_mozprofile.hWn3DPIwEZPJ"
1567011235464	addons.webextension.screenshots@mozilla.org	WARN	Loading extension 'screenshots@mozilla.org': Reading manifest: Invalid extension permission: mozillaAddons
1567011235464	addons.webextension.screenshots@mozilla.org	WARN	Loading extension 'screenshots@mozilla.org': Reading manifest: Invalid extension permission: telemetry
1567011235464	addons.webextension.screenshots@mozilla.org	WARN	Loading extension 'screenshots@mozilla.org': Reading manifest: Invalid extension permission: resource://pdf.js/
1567011235464	addons.webextension.screenshots@mozilla.org	WARN	Loading extension 'screenshots@mozilla.org': Reading manifest: Invalid extension permission: about:reader*
1567011238612	Marionette	INFO	Listening on port 8195
1567011238831	Marionette	WARN	TLS certificate errors will be ignored for this session
JavaScript error: https://d.jd.com/lab/get?callback=lab, line 1: SyntaxError: unexpected token: identifier
JavaScript error: https://search.jd.com/script/search_new.init.js?2019062419.js, line 505: TypeError: res is null
JavaScript error: https://d.jd.com/lab/get?callback=lab, line 1: SyntaxError: unexpected token: identifier
1567011268329	Marionette	INFO	Stopped listening on port 8195
JavaScript error: https://misc.360buyimg.com/??jdf/lib/jquery-1.6.4.js,jdf/1.0.0/unit/base/1.0.0/base.js,jdf/1.0.0/unit/trimPath/1.0.0/trimPath.js,jdf/1.0.0/ui/ui/1.0.0/ui.js,jdf/1.0.0/ui/dialog/1.0.0/dialog.js, line 6: TypeError: Y[d[f]] is undefined
[Parent 10244, Gecko_IOThread] WARNING: pipe error: 109: file z:/task_1565706750/build/src/ipc/chromium/src/chrome/common/ipc_channel_win.cc, line 341
[Child 9516, Chrome_ChildThread] WARNING: pipe error: 109: file z:/task_1565706750/build/src/ipc/chromium/src/chrome/common/ipc_channel_win.cc, line 341
[Child 9516, [GPU 8
###!!! [Child][RunMessage] Error: Channel closing: too late to send/recv, messages will be lost


###!!! [Child][MessageChannel::SendAndWait] Error: Channel error: cannot send/recv

1567011285980	mozrunner::runner	INFO	Running command: "C:\\Program Files\\Mozilla Firefox\\firefox.exe" "-marionette" "-foreground" "-no-remote" "-profile" "C:\\TMP\\rust_mozprofile.lBLdS24k3SvC"
1567011287116	addons.webextension.screenshots@mozilla.org	WARN	Loading extension 'screenshots@mozilla.org': Reading manifest: Invalid extension permission: mozillaAddons
1567011287117	addons.webextension.screenshots@mozilla.org	WARN	Loading extension 'screenshots@mozilla.org': Reading manifest: Invalid extension permission: telemetry
1567011287117	addons.webextension.screenshots@mozilla.org	WARN	Loading extension 'screenshots@mozilla.org': Reading manifest: Invalid extension permission: resource://pdf.js/
1567011287117	addons.webextension.screenshots@mozilla.org	WARN	Loading extension 'screenshots@mozilla.org': Reading manifest: Invalid extension permission: about:reader*
1567011290423	Marionette	INFO	Listening on port 8371
1567011290720	Marionette	WARN	TLS certificate errors will be ignored for this session
console.error: BroadcastService: 
  receivedBroadcastMessage: handler for
  remote-settings/monitor_changes
  threw error:
  Message: Error: Polling for changes failed: http://%(server)s/dummy/blocklist//buckets/monitor/collections/changes/records?_expected=%221566928461945%22 is not a valid URL..
  Stack:
    remoteSettingsFunction/remoteSettings.pollChanges@resource://services-settings/remote-settings.js:201:13

JavaScript error: https://d.jd.com/lab/get?callback=lab, line 1: SyntaxError: unexpected token: identifier
JavaScript error: https://search.jd.com/script/search_new.init.js?2019062419.js, line 505: TypeError: res is null
JavaScript error: https://d.jd.com/lab/get?callback=lab, line 1: SyntaxError: unexpected token: identifier
1567011330678	Marionette	INFO	Stopped listening on port 8371
[Parent 10300, Gecko_IOThread] WARNING: pipe error: 109: file z:/task_1565706750/build/src/ipc/chromium/src/chrome/common/ipc_channel_win.cc, line 341
[Child 12812, Chrome_ChildThread] WARNING: pipe error: 109: file z:/task_1565706750/build/src/ipc/chromium/src/chrome/common/ipc_channel_win.cc, line 341
[Child 12812, Chrome_ChildThread] WARNING: pipe error: 109: file z:/task_1565706750/build/src/ipc/chromium/src/chrome/common/ipc_channel_win.cc, line 341
[Parent 10300, Gecko_IOThread] WARNING: pipe error: 109: file z:/task_1565706750/build/src/ipc/chromium/src/chrome/common/ipc_channel_win.cc, line 341
[Child 344, Chrome_ChildThread] WARNING: pipe error: 109: file z:/task_1565706750/build/src/ipc/chromium/src/chrome/common/ipc_channel_win.cc, line 341
[Child 344, Chrome_ChildTh[Parent 10300, Gecko_IOThread] WARNING: pipe error: 109: file z:/task_1565706750/build/src/ipc/chromium/src/chrome/common/ipc_channel_win.cc, line 341
[Child 10052, Chrome_ChildThread] WARNING: pipe error: 109: file z:/task_1565706750/build/src/ipc/chromium/src/chrome/common/ipc_channel_win.cc, line 341
[Child 10052[GPU
###!!! [Child][RunMessage] Error: Channel closing: too late to send/recv, messages will be lost


###!!! [Child][MessageChannel::SendAndWait] Error: Channel error: cannot send/recv

1567011346006	mozrunner::runner	INFO	Running command: "C:\\Program Files\\Mozilla Firefox\\firefox.exe" "-marionette" "-foreground" "-no-remote" "-profile" "C:\\TMP\\rust_mozprofile.793J6ZDChIH6"
1567011347178	addons.webextension.screenshots@mozilla.org	WARN	Loading extension 'screenshots@mozilla.org': Reading manifest: Invalid extension permission: mozillaAddons
1567011347178	addons.webextension.screenshots@mozilla.org	WARN	Loading extension 'screenshots@mozilla.org': Reading manifest: Invalid extension permission: telemetry
1567011347179	addons.webextension.screenshots@mozilla.org	WARN	Loading extension 'screenshots@mozilla.org': Reading manifest: Invalid extension permission: resource://pdf.js/
1567011347179	addons.webextension.screenshots@mozilla.org	WARN	Loading extension 'screenshots@mozilla.org': Reading manifest: Invalid extension permission: about:reader*
1567011351171	Marionette	INFO	Listening on port 8512
1567011351258	Marionette	WARN	TLS certificate errors will be ignored for this session
JavaScript error: https://d.jd.com/lab/get?callback=lab, line 1: SyntaxError: unexpected token: identifier
JavaScript error: https://search.jd.com/script/search_new.init.js?2019062419.js, line 505: TypeError: res is null
JavaScript error: https://d.jd.com/lab/get?callback=lab, line 1: SyntaxError: unexpected token: identifier
JavaScript warning: https://nfa.jd.com/loadFa_toJson.js?aid=2_163_818-2_232_3431-0_0_3743-2_163_6092-2_163_817-2_163_5395-2_163_5394-0_0_8277&ver=20131107, line 185: unreachable code after return statement
JavaScript warning: https://nfa.jd.com/loadFa_toJson.js?aid=2_163_818-2_232_3431-0_0_3743-2_163_6092-2_163_817-2_163_5395-2_163_5394-0_0_8277&ver=20131107, line 185: unreachable code after return statement
1567011366831	Marionette	INFO	Stopped listening on port 8512
[Parent 1724, Gecko_IOThread] WARNING: pipe error: 109: file z:/task_1565706750/build/src/ipc/chromium/src/chrome/common/ipc_channel_win.cc, line 341
[[Parent 1724, Gecko_IOThread] WARNING: pipe error: 109: file z:/task_1565706750/build/src/ipc/chromium/src/chrome/common/ipc_channel_win.cc, line 341
[Child 11456, Chrome_ChildThread] WARNING: pipe error: 109: file z:/task_1565706750/build/src/ipc/chromium/src/chrome/common/ipc_channel_win.cc, line 341
[Child 11456, Chrome[GP
###!!! [Child][RunMessage] Error: Channel closing: too late to send/recv, messages will be lost

U 10956, Chrome_ChildThread] 
###!!! [Child][MessageChannel::SendAndWait] Error: Channel error: cannot send/recv

